[2025-09-07 19:52:18] [ERROR] Database connection failed {"config_class":"LegacyDatabaseConfig","errors":["DB connection failed: could not find driver"]}
[2025-09-07 19:53:47] [ERROR] Database connection failed {"config_class":"LegacyDatabaseConfig","errors":["DB connection failed: could not find driver"]}
[2025-09-08 00:14:28] [ERROR] Database connection failed {"config_class":"LegacyDatabaseConfig","errors":["DB connection failed: could not find driver"]}
[2025-10-09 20:25:31] [INFO] Database connection established {"config_class":"LegacyDatabaseConfig"}
[2025-10-09 20:25:32] [ERROR] Query execution failed: SQLSTATE[42S22]: Column not found: 1054 Unknown column 'currency' in 'order clause' {"class":"AccountTypesDAO","timestamp":"2025-10-09 20:25:32"}
[2025-10-09 20:25:32] [ERROR] Database query failed {"sql":"SELECT * FROM account_types ORDER BY currency, name","params":[],"error":"SQLSTATE[42S22]: Column not found: 1054 Unknown column 'currency' in 'order clause'"}
[2025-10-09 20:25:33] [ERROR] Failed to fetch account types: Database operation failed: SQLSTATE[42S22]: Column not found: 1054 Unknown column 'currency' in 'order clause' {"class":"AccountTypesDAO","timestamp":"2025-10-09 20:25:33"}
[2025-10-09 20:26:29] [INFO] Database connection established {"config_class":"LegacyDatabaseConfig"}
[2025-10-09 20:26:29] [ERROR] Query execution failed: SQLSTATE[42S22]: Column not found: 1054 Unknown column 'description' in 'field list' {"class":"AccountTypesDAO","timestamp":"2025-10-09 20:26:29"}
[2025-10-09 20:26:29] [ERROR] Database query failed {"sql":"INSERT IGNORE INTO account_types (name, description, currency, is_registered) \r\n                        VALUES (:name, :description, :currency, :is_registered)","params":{"name":"Cash","description":"Regular cash account","currency":"CAD","is_registered":false},"error":"SQLSTATE[42S22]: Column not found: 1054 Unknown column 'description' in 'field list'"}
[2025-10-09 20:26:29] [ERROR] Failed to insert account type: Cash - Database operation failed: SQLSTATE[42S22]: Column not found: 1054 Unknown column 'description' in 'field list' {"class":"AccountTypesDAO","timestamp":"2025-10-09 20:26:29"}
[2025-10-09 20:26:29] [ERROR] Query execution failed: SQLSTATE[42S22]: Column not found: 1054 Unknown column 'description' in 'field list' {"class":"AccountTypesDAO","timestamp":"2025-10-09 20:26:29"}
[2025-10-09 20:26:29] [ERROR] Database query failed {"sql":"INSERT IGNORE INTO account_types (name, description, currency, is_registered) \r\n                        VALUES (:name, :description, :currency, :is_registered)","params":{"name":"Margin","description":"Margin trading account","currency":"CAD","is_registered":false},"error":"SQLSTATE[42S22]: Column not found: 1054 Unknown column 'description' in 'field list'"}
[2025-10-09 20:26:29] [ERROR] Failed to insert account type: Margin - Database operation failed: SQLSTATE[42S22]: Column not found: 1054 Unknown column 'description' in 'field list' {"class":"AccountTypesDAO","timestamp":"2025-10-09 20:26:29"}
[2025-10-09 20:26:29] [ERROR] Query execution failed: SQLSTATE[42S22]: Column not found: 1054 Unknown column 'description' in 'field list' {"class":"AccountTypesDAO","timestamp":"2025-10-09 20:26:29"}
[2025-10-09 20:26:29] [ERROR] Database query failed {"sql":"INSERT IGNORE INTO account_types (name, description, currency, is_registered) \r\n                        VALUES (:name, :description, :currency, :is_registered)","params":{"name":"TFSA","description":"Tax-Free Savings Account","currency":"CAD","is_registered":true},"error":"SQLSTATE[42S22]: Column not found: 1054 Unknown column 'description' in 'field list'"}
[2025-10-09 20:26:29] [ERROR] Failed to insert account type: TFSA - Database operation failed: SQLSTATE[42S22]: Column not found: 1054 Unknown column 'description' in 'field list' {"class":"AccountTypesDAO","timestamp":"2025-10-09 20:26:29"}
[2025-10-09 20:26:29] [ERROR] Query execution failed: SQLSTATE[42S22]: Column not found: 1054 Unknown column 'description' in 'field list' {"class":"AccountTypesDAO","timestamp":"2025-10-09 20:26:29"}
[2025-10-09 20:26:29] [ERROR] Database query failed {"sql":"INSERT IGNORE INTO account_types (name, description, currency, is_registered) \r\n                        VALUES (:name, :description, :currency, :is_registered)","params":{"name":"RRSP","description":"Registered Retirement Savings Plan","currency":"CAD","is_registered":true},"error":"SQLSTATE[42S22]: Column not found: 1054 Unknown column 'description' in 'field list'"}
[2025-10-09 20:26:29] [ERROR] Failed to insert account type: RRSP - Database operation failed: SQLSTATE[42S22]: Column not found: 1054 Unknown column 'description' in 'field list' {"class":"AccountTypesDAO","timestamp":"2025-10-09 20:26:29"}
[2025-10-09 20:26:29] [ERROR] Query execution failed: SQLSTATE[42S22]: Column not found: 1054 Unknown column 'description' in 'field list' {"class":"AccountTypesDAO","timestamp":"2025-10-09 20:26:29"}
[2025-10-09 20:26:29] [ERROR] Database query failed {"sql":"INSERT IGNORE INTO account_types (name, description, currency, is_registered) \r\n                        VALUES (:name, :description, :currency, :is_registered)","params":{"name":"RRIF","description":"Registered Retirement Income Fund","currency":"CAD","is_registered":true},"error":"SQLSTATE[42S22]: Column not found: 1054 Unknown column 'description' in 'field list'"}
[2025-10-09 20:26:29] [ERROR] Failed to insert account type: RRIF - Database operation failed: SQLSTATE[42S22]: Column not found: 1054 Unknown column 'description' in 'field list' {"class":"AccountTypesDAO","timestamp":"2025-10-09 20:26:29"}
[2025-10-09 20:26:29] [ERROR] Query execution failed: SQLSTATE[42S22]: Column not found: 1054 Unknown column 'description' in 'field list' {"class":"AccountTypesDAO","timestamp":"2025-10-09 20:26:29"}
[2025-10-09 20:26:29] [ERROR] Database query failed {"sql":"INSERT IGNORE INTO account_types (name, description, currency, is_registered) \r\n                        VALUES (:name, :description, :currency, :is_registered)","params":{"name":"RESP","description":"Registered Education Savings Plan","currency":"CAD","is_registered":true},"error":"SQLSTATE[42S22]: Column not found: 1054 Unknown column 'description' in 'field list'"}
[2025-10-09 20:26:29] [ERROR] Failed to insert account type: RESP - Database operation failed: SQLSTATE[42S22]: Column not found: 1054 Unknown column 'description' in 'field list' {"class":"AccountTypesDAO","timestamp":"2025-10-09 20:26:29"}
[2025-10-09 20:26:29] [ERROR] Query execution failed: SQLSTATE[42S22]: Column not found: 1054 Unknown column 'description' in 'field list' {"class":"AccountTypesDAO","timestamp":"2025-10-09 20:26:29"}
[2025-10-09 20:26:29] [ERROR] Database query failed {"sql":"INSERT IGNORE INTO account_types (name, description, currency, is_registered) \r\n                        VALUES (:name, :description, :currency, :is_registered)","params":{"name":"LIRA","description":"Locked-in Retirement Account","currency":"CAD","is_registered":true},"error":"SQLSTATE[42S22]: Column not found: 1054 Unknown column 'description' in 'field list'"}
[2025-10-09 20:26:29] [ERROR] Failed to insert account type: LIRA - Database operation failed: SQLSTATE[42S22]: Column not found: 1054 Unknown column 'description' in 'field list' {"class":"AccountTypesDAO","timestamp":"2025-10-09 20:26:29"}
[2025-10-09 20:26:29] [ERROR] Query execution failed: SQLSTATE[42S22]: Column not found: 1054 Unknown column 'description' in 'field list' {"class":"AccountTypesDAO","timestamp":"2025-10-09 20:26:29"}
[2025-10-09 20:26:29] [ERROR] Database query failed {"sql":"INSERT IGNORE INTO account_types (name, description, currency, is_registered) \r\n                        VALUES (:name, :description, :currency, :is_registered)","params":{"name":"LIF","description":"Life Income Fund","currency":"CAD","is_registered":true},"error":"SQLSTATE[42S22]: Column not found: 1054 Unknown column 'description' in 'field list'"}
[2025-10-09 20:26:29] [ERROR] Failed to insert account type: LIF - Database operation failed: SQLSTATE[42S22]: Column not found: 1054 Unknown column 'description' in 'field list' {"class":"AccountTypesDAO","timestamp":"2025-10-09 20:26:29"}
[2025-10-09 20:26:29] [ERROR] Query execution failed: SQLSTATE[42S22]: Column not found: 1054 Unknown column 'description' in 'field list' {"class":"AccountTypesDAO","timestamp":"2025-10-09 20:26:29"}
[2025-10-09 20:26:29] [ERROR] Database query failed {"sql":"INSERT IGNORE INTO account_types (name, description, currency, is_registered) \r\n                        VALUES (:name, :description, :currency, :is_registered)","params":{"name":"Corporate","description":"Corporate investment account","currency":"CAD","is_registered":false},"error":"SQLSTATE[42S22]: Column not found: 1054 Unknown column 'description' in 'field list'"}
[2025-10-09 20:26:29] [ERROR] Failed to insert account type: Corporate - Database operation failed: SQLSTATE[42S22]: Column not found: 1054 Unknown column 'description' in 'field list' {"class":"AccountTypesDAO","timestamp":"2025-10-09 20:26:29"}
[2025-10-09 20:26:29] [ERROR] Query execution failed: SQLSTATE[42S22]: Column not found: 1054 Unknown column 'description' in 'field list' {"class":"AccountTypesDAO","timestamp":"2025-10-09 20:26:29"}
[2025-10-09 20:26:29] [ERROR] Database query failed {"sql":"INSERT IGNORE INTO account_types (name, description, currency, is_registered) \r\n                        VALUES (:name, :description, :currency, :is_registered)","params":{"name":"Joint","description":"Joint investment account","currency":"CAD","is_registered":false},"error":"SQLSTATE[42S22]: Column not found: 1054 Unknown column 'description' in 'field list'"}
[2025-10-09 20:26:29] [ERROR] Failed to insert account type: Joint - Database operation failed: SQLSTATE[42S22]: Column not found: 1054 Unknown column 'description' in 'field list' {"class":"AccountTypesDAO","timestamp":"2025-10-09 20:26:29"}
[2025-10-09 20:26:29] [ERROR] Query execution failed: SQLSTATE[42S22]: Column not found: 1054 Unknown column 'description' in 'field list' {"class":"AccountTypesDAO","timestamp":"2025-10-09 20:26:29"}
[2025-10-09 20:26:29] [ERROR] Database query failed {"sql":"INSERT IGNORE INTO account_types (name, description, currency, is_registered) \r\n                        VALUES (:name, :description, :currency, :is_registered)","params":{"name":"Trust","description":"Trust account","currency":"CAD","is_registered":false},"error":"SQLSTATE[42S22]: Column not found: 1054 Unknown column 'description' in 'field list'"}
[2025-10-09 20:26:29] [ERROR] Failed to insert account type: Trust - Database operation failed: SQLSTATE[42S22]: Column not found: 1054 Unknown column 'description' in 'field list' {"class":"AccountTypesDAO","timestamp":"2025-10-09 20:26:29"}
[2025-10-09 20:26:29] [ERROR] Query execution failed: SQLSTATE[42S22]: Column not found: 1054 Unknown column 'description' in 'field list' {"class":"AccountTypesDAO","timestamp":"2025-10-09 20:26:29"}
[2025-10-09 20:26:29] [ERROR] Database query failed {"sql":"INSERT IGNORE INTO account_types (name, description, currency, is_registered) \r\n                        VALUES (:name, :description, :currency, :is_registered)","params":{"name":"USD Cash","description":"US Dollar cash account","currency":"USD","is_registered":false},"error":"SQLSTATE[42S22]: Column not found: 1054 Unknown column 'description' in 'field list'"}
[2025-10-09 20:26:29] [ERROR] Failed to insert account type: USD Cash - Database operation failed: SQLSTATE[42S22]: Column not found: 1054 Unknown column 'description' in 'field list' {"class":"AccountTypesDAO","timestamp":"2025-10-09 20:26:29"}
[2025-10-09 20:26:29] [ERROR] Query execution failed: SQLSTATE[42S22]: Column not found: 1054 Unknown column 'description' in 'field list' {"class":"AccountTypesDAO","timestamp":"2025-10-09 20:26:29"}
[2025-10-09 20:26:29] [ERROR] Database query failed {"sql":"INSERT IGNORE INTO account_types (name, description, currency, is_registered) \r\n                        VALUES (:name, :description, :currency, :is_registered)","params":{"name":"USD Margin","description":"US Dollar margin account","currency":"USD","is_registered":false},"error":"SQLSTATE[42S22]: Column not found: 1054 Unknown column 'description' in 'field list'"}
[2025-10-09 20:26:29] [ERROR] Failed to insert account type: USD Margin - Database operation failed: SQLSTATE[42S22]: Column not found: 1054 Unknown column 'description' in 'field list' {"class":"AccountTypesDAO","timestamp":"2025-10-09 20:26:29"}
[2025-10-09 20:26:29] [ERROR] Query execution failed: SQLSTATE[42S22]: Column not found: 1054 Unknown column 'description' in 'field list' {"class":"AccountTypesDAO","timestamp":"2025-10-09 20:26:29"}
[2025-10-09 20:26:29] [ERROR] Database query failed {"sql":"INSERT IGNORE INTO account_types (name, description, currency, is_registered) \r\n                        VALUES (:name, :description, :currency, :is_registered)","params":{"name":"USD TFSA","description":"US Dollar TFSA","currency":"USD","is_registered":true},"error":"SQLSTATE[42S22]: Column not found: 1054 Unknown column 'description' in 'field list'"}
[2025-10-09 20:26:29] [ERROR] Failed to insert account type: USD TFSA - Database operation failed: SQLSTATE[42S22]: Column not found: 1054 Unknown column 'description' in 'field list' {"class":"AccountTypesDAO","timestamp":"2025-10-09 20:26:29"}
[2025-10-09 20:26:29] [ERROR] Query execution failed: SQLSTATE[42S22]: Column not found: 1054 Unknown column 'description' in 'field list' {"class":"AccountTypesDAO","timestamp":"2025-10-09 20:26:29"}
[2025-10-09 20:26:29] [ERROR] Database query failed {"sql":"INSERT IGNORE INTO account_types (name, description, currency, is_registered) \r\n                        VALUES (:name, :description, :currency, :is_registered)","params":{"name":"USD RRSP","description":"US Dollar RRSP","currency":"USD","is_registered":true},"error":"SQLSTATE[42S22]: Column not found: 1054 Unknown column 'description' in 'field list'"}
[2025-10-09 20:26:29] [ERROR] Failed to insert account type: USD RRSP - Database operation failed: SQLSTATE[42S22]: Column not found: 1054 Unknown column 'description' in 'field list' {"class":"AccountTypesDAO","timestamp":"2025-10-09 20:26:29"}
[2025-10-09 20:26:29] [ERROR] Query execution failed: SQLSTATE[42S22]: Column not found: 1054 Unknown column 'description' in 'field list' {"class":"AccountTypesDAO","timestamp":"2025-10-09 20:26:29"}
[2025-10-09 20:26:29] [ERROR] Database query failed {"sql":"INSERT IGNORE INTO account_types (name, description, currency, is_registered) \r\n                        VALUES (:name, :description, :currency, :is_registered)","params":{"name":"USD RRIF","description":"US Dollar RRIF","currency":"USD","is_registered":true},"error":"SQLSTATE[42S22]: Column not found: 1054 Unknown column 'description' in 'field list'"}
[2025-10-09 20:26:29] [ERROR] Failed to insert account type: USD RRIF - Database operation failed: SQLSTATE[42S22]: Column not found: 1054 Unknown column 'description' in 'field list' {"class":"AccountTypesDAO","timestamp":"2025-10-09 20:26:29"}
[2025-10-09 20:26:29] [ERROR] Query execution failed: SQLSTATE[42S22]: Column not found: 1054 Unknown column 'description' in 'field list' {"class":"AccountTypesDAO","timestamp":"2025-10-09 20:26:29"}
[2025-10-09 20:26:29] [ERROR] Database query failed {"sql":"INSERT IGNORE INTO account_types (name, description, currency, is_registered) \r\n                        VALUES (:name, :description, :currency, :is_registered)","params":{"name":"USD RESP","description":"US Dollar RESP","currency":"USD","is_registered":true},"error":"SQLSTATE[42S22]: Column not found: 1054 Unknown column 'description' in 'field list'"}
[2025-10-09 20:26:29] [ERROR] Failed to insert account type: USD RESP - Database operation failed: SQLSTATE[42S22]: Column not found: 1054 Unknown column 'description' in 'field list' {"class":"AccountTypesDAO","timestamp":"2025-10-09 20:26:29"}
[2025-10-09 20:26:29] [ERROR] Query execution failed: SQLSTATE[42S22]: Column not found: 1054 Unknown column 'description' in 'field list' {"class":"AccountTypesDAO","timestamp":"2025-10-09 20:26:29"}
[2025-10-09 20:26:29] [ERROR] Database query failed {"sql":"INSERT IGNORE INTO account_types (name, description, currency, is_registered) \r\n                        VALUES (:name, :description, :currency, :is_registered)","params":{"name":"USD LIRA","description":"US Dollar LIRA","currency":"USD","is_registered":true},"error":"SQLSTATE[42S22]: Column not found: 1054 Unknown column 'description' in 'field list'"}
[2025-10-09 20:26:29] [ERROR] Failed to insert account type: USD LIRA - Database operation failed: SQLSTATE[42S22]: Column not found: 1054 Unknown column 'description' in 'field list' {"class":"AccountTypesDAO","timestamp":"2025-10-09 20:26:29"}
[2025-10-09 20:26:29] [ERROR] Query execution failed: SQLSTATE[42S22]: Column not found: 1054 Unknown column 'description' in 'field list' {"class":"AccountTypesDAO","timestamp":"2025-10-09 20:26:29"}
[2025-10-09 20:26:29] [ERROR] Database query failed {"sql":"INSERT IGNORE INTO account_types (name, description, currency, is_registered) \r\n                        VALUES (:name, :description, :currency, :is_registered)","params":{"name":"USD LIF","description":"US Dollar LIF","currency":"USD","is_registered":true},"error":"SQLSTATE[42S22]: Column not found: 1054 Unknown column 'description' in 'field list'"}
[2025-10-09 20:26:29] [ERROR] Failed to insert account type: USD LIF - Database operation failed: SQLSTATE[42S22]: Column not found: 1054 Unknown column 'description' in 'field list' {"class":"AccountTypesDAO","timestamp":"2025-10-09 20:26:29"}
[2025-10-09 20:26:29] [ERROR] Query execution failed: SQLSTATE[42S22]: Column not found: 1054 Unknown column 'description' in 'field list' {"class":"AccountTypesDAO","timestamp":"2025-10-09 20:26:29"}
[2025-10-09 20:26:29] [ERROR] Database query failed {"sql":"INSERT IGNORE INTO account_types (name, description, currency, is_registered) \r\n                        VALUES (:name, :description, :currency, :is_registered)","params":{"name":"USD Corporate","description":"US Dollar corporate account","currency":"USD","is_registered":false},"error":"SQLSTATE[42S22]: Column not found: 1054 Unknown column 'description' in 'field list'"}
[2025-10-09 20:26:29] [ERROR] Failed to insert account type: USD Corporate - Database operation failed: SQLSTATE[42S22]: Column not found: 1054 Unknown column 'description' in 'field list' {"class":"AccountTypesDAO","timestamp":"2025-10-09 20:26:29"}
[2025-10-09 20:26:29] [ERROR] Query execution failed: SQLSTATE[42S22]: Column not found: 1054 Unknown column 'description' in 'field list' {"class":"AccountTypesDAO","timestamp":"2025-10-09 20:26:29"}
[2025-10-09 20:26:29] [ERROR] Database query failed {"sql":"INSERT IGNORE INTO account_types (name, description, currency, is_registered) \r\n                        VALUES (:name, :description, :currency, :is_registered)","params":{"name":"USD Joint","description":"US Dollar joint account","currency":"USD","is_registered":false},"error":"SQLSTATE[42S22]: Column not found: 1054 Unknown column 'description' in 'field list'"}
[2025-10-09 20:26:29] [ERROR] Failed to insert account type: USD Joint - Database operation failed: SQLSTATE[42S22]: Column not found: 1054 Unknown column 'description' in 'field list' {"class":"AccountTypesDAO","timestamp":"2025-10-09 20:26:29"}
[2025-10-09 20:26:29] [ERROR] Query execution failed: SQLSTATE[42S22]: Column not found: 1054 Unknown column 'description' in 'field list' {"class":"AccountTypesDAO","timestamp":"2025-10-09 20:26:29"}
[2025-10-09 20:26:29] [ERROR] Database query failed {"sql":"INSERT IGNORE INTO account_types (name, description, currency, is_registered) \r\n                        VALUES (:name, :description, :currency, :is_registered)","params":{"name":"USD Trust","description":"US Dollar trust account","currency":"USD","is_registered":false},"error":"SQLSTATE[42S22]: Column not found: 1054 Unknown column 'description' in 'field list'"}
[2025-10-09 20:26:29] [ERROR] Failed to insert account type: USD Trust - Database operation failed: SQLSTATE[42S22]: Column not found: 1054 Unknown column 'description' in 'field list' {"class":"AccountTypesDAO","timestamp":"2025-10-09 20:26:29"}
[2025-10-09 20:26:29] [ERROR] Query execution failed: SQLSTATE[42S22]: Column not found: 1054 Unknown column 'description' in 'field list' {"class":"AccountTypesDAO","timestamp":"2025-10-09 20:26:29"}
[2025-10-09 20:26:29] [ERROR] Database query failed {"sql":"INSERT IGNORE INTO account_types (name, description, currency, is_registered) \r\n                        VALUES (:name, :description, :currency, :is_registered)","params":{"name":"Other","description":"Other account type","currency":"CAD","is_registered":false},"error":"SQLSTATE[42S22]: Column not found: 1054 Unknown column 'description' in 'field list'"}
[2025-10-09 20:26:29] [ERROR] Failed to insert account type: Other - Database operation failed: SQLSTATE[42S22]: Column not found: 1054 Unknown column 'description' in 'field list' {"class":"AccountTypesDAO","timestamp":"2025-10-09 20:26:29"}
[2025-10-09 20:26:29] [INFO] Account types prepopulation completed {"inserted":0,"existing":0}
[2025-10-09 20:26:29] [ERROR] Query execution failed: SQLSTATE[42S22]: Column not found: 1054 Unknown column 'currency' in 'order clause' {"class":"AccountTypesDAO","timestamp":"2025-10-09 20:26:29"}
[2025-10-09 20:26:29] [ERROR] Database query failed {"sql":"SELECT * FROM account_types ORDER BY currency, name","params":[],"error":"SQLSTATE[42S22]: Column not found: 1054 Unknown column 'currency' in 'order clause'"}
[2025-10-09 20:26:29] [ERROR] Failed to fetch account types: Database operation failed: SQLSTATE[42S22]: Column not found: 1054 Unknown column 'currency' in 'order clause' {"class":"AccountTypesDAO","timestamp":"2025-10-09 20:26:29"}
