[2025-09-07 22:13:14] [ERROR] Database connection failed {"config_class":"LegacyDatabaseConfig","errors":["DB connection failed: could not find driver"]}
[2025-10-08 22:11:12] [INFO] Database connection established {"config_class":"LegacyDatabaseConfig"}
[2025-10-08 22:11:33] [INFO] Database connection established {"config_class":"LegacyDatabaseConfig"}
[2025-10-08 22:11:42] [INFO] Database connection established {"config_class":"LegacyDatabaseConfig"}
[2025-10-08 22:11:47] [INFO] Database connection established {"config_class":"LegacyDatabaseConfig"}
[2025-10-09 02:52:54] [INFO] Database connection established {"config_class":"LegacyDatabaseConfig"}
[2025-10-09 02:53:01] [INFO] Database connection established {"config_class":"LegacyDatabaseConfig"}
[2025-10-09 03:17:37] [INFO] Database connection established {"config_class":"LegacyDatabaseConfig"}
[2025-10-09 03:17:41] [INFO] Database connection established {"config_class":"LegacyDatabaseConfig"}
[2025-10-09 03:17:54] [INFO] Database connection established {"config_class":"LegacyDatabaseConfig"}
[2025-10-09 03:17:58] [INFO] Database connection established {"config_class":"LegacyDatabaseConfig"}
[2025-10-09 03:47:58] [INFO] Database connection established {"config_class":"LegacyDatabaseConfig"}
[2025-10-09 04:03:56] [INFO] Database connection established {"config_class":"LegacyDatabaseConfig"}
[2025-10-09 04:21:40] [INFO] Database connection established {"config_class":"LegacyDatabaseConfig"}
[2025-10-09 04:24:52] [INFO] Database connection established {"config_class":"LegacyDatabaseConfig"}
[2025-10-09 04:24:52] [ERROR] Error creating bank account if not exists: SQLSTATE[23000]: Integrity constraint violation: 1452 Cannot add or update a child row: a foreign key constraint fails (`stock_market_2`.`bank_account_access`, CONSTRAINT `bank_account_access_ibfk_2` FOREIGN KEY (`user_id`) REFERENCES `users` (`id`) ON DELETE CASCADE) {"class":"BankAccountsDAO","timestamp":"2025-10-09 04:24:52"}
[2025-10-09 04:25:18] [INFO] Database connection established {"config_class":"LegacyDatabaseConfig"}
[2025-10-09 04:25:18] [ERROR] Error creating bank account if not exists: SQLSTATE[23000]: Integrity constraint violation: 1452 Cannot add or update a child row: a foreign key constraint fails (`stock_market_2`.`bank_account_access`, CONSTRAINT `bank_account_access_ibfk_2` FOREIGN KEY (`user_id`) REFERENCES `users` (`id`) ON DELETE CASCADE) {"class":"BankAccountsDAO","timestamp":"2025-10-09 04:25:18"}
[2025-10-09 04:26:38] [INFO] Database connection established {"config_class":"LegacyDatabaseConfig"}
[2025-10-09 04:30:03] [INFO] Database connection established {"config_class":"LegacyDatabaseConfig"}
[2025-10-09 04:30:30] [INFO] Database connection established {"config_class":"LegacyDatabaseConfig"}
[2025-10-09 04:30:30] [INFO] Created bank account: CIBC - 17 (ID: 78)
[2025-10-09 04:31:59] [INFO] Database connection established {"config_class":"LegacyDatabaseConfig"}
[2025-10-09 04:32:45] [INFO] Database connection established {"config_class":"LegacyDatabaseConfig"}
[2025-10-09 05:05:23] [INFO] Database connection established {"config_class":"LegacyDatabaseConfig"}
[2025-10-09 05:06:36] [INFO] Database connection established {"config_class":"LegacyDatabaseConfig"}
[2025-10-09 05:06:36] [INFO] Created bank account: CIBC - RRSP-USD (ID: 83)
[2025-10-09 05:09:45] [INFO] Database connection established {"config_class":"LegacyDatabaseConfig"}
[2025-10-09 05:20:04] [INFO] Database connection established {"config_class":"LegacyDatabaseConfig"}
[2025-10-09 05:20:35] [INFO] Database connection established {"config_class":"LegacyDatabaseConfig"}
[2025-10-09 05:21:06] [INFO] Database connection established {"config_class":"LegacyDatabaseConfig"}
[2025-10-09 05:42:29] [INFO] Database connection established {"config_class":"LegacyDatabaseConfig"}
[2025-10-09 05:43:37] [INFO] Database connection established {"config_class":"LegacyDatabaseConfig"}
[2025-10-09 05:44:24] [INFO] Database connection established {"config_class":"LegacyDatabaseConfig"}
[2025-10-09 06:09:10] [INFO] Database connection established {"config_class":"LegacyDatabaseConfig"}
[2025-10-09 06:13:53] [INFO] Database connection established {"config_class":"LegacyDatabaseConfig"}
[2025-10-09 06:14:50] [INFO] Database connection established {"config_class":"LegacyDatabaseConfig"}
[2025-10-09 06:15:26] [INFO] Database connection established {"config_class":"LegacyDatabaseConfig"}
[2025-10-09 18:14:43] [INFO] Database connection established {"config_class":"LegacyDatabaseConfig"}
[2025-10-09 18:15:23] [INFO] Database connection established {"config_class":"LegacyDatabaseConfig"}
[2025-10-09 18:17:43] [INFO] Database connection established {"config_class":"LegacyDatabaseConfig"}
[2025-10-09 18:23:37] [INFO] Database connection established {"config_class":"LegacyDatabaseConfig"}
[2025-10-09 18:27:46] [INFO] Database connection established {"config_class":"LegacyDatabaseConfig"}
[2025-10-09 18:28:15] [INFO] Database connection established {"config_class":"LegacyDatabaseConfig"}
[2025-10-09 18:28:54] [INFO] Database connection established {"config_class":"LegacyDatabaseConfig"}
[2025-10-09 18:42:43] [INFO] Database connection established {"config_class":"LegacyDatabaseConfig"}
[2025-10-09 18:43:13] [INFO] Database connection established {"config_class":"LegacyDatabaseConfig"}
[2025-10-09 18:43:41] [INFO] Database connection established {"config_class":"LegacyDatabaseConfig"}
[2025-10-09 19:08:35] [INFO] Database connection established {"config_class":"LegacyDatabaseConfig"}
[2025-10-09 20:38:06] [INFO] Database connection established {"config_class":"LegacyDatabaseConfig"}
[2025-10-09 20:38:58] [INFO] Database connection established {"config_class":"LegacyDatabaseConfig"}
[2025-10-09 20:39:13] [INFO] Database connection established {"config_class":"LegacyDatabaseConfig"}
[2025-10-09 20:39:50] [INFO] Database connection established {"config_class":"LegacyDatabaseConfig"}
[2025-10-09 20:40:54] [INFO] Database connection established {"config_class":"LegacyDatabaseConfig"}
