[2025-10-08 20:35:56] WARNING: CSV line has different column count than header {"file":"C:\\Users\\prote\\AppData\\Local\\Temp\\php8A21.tmp","line":6,"expected":16,"actual":2}
[2025-10-08 20:35:56] WARNING: CSV line has different column count than header {"file":"C:\\Users\\prote\\AppData\\Local\\Temp\\php8A21.tmp","line":7,"expected":16,"actual":2}
[2025-10-08 20:35:56] WARNING: CSV line has different column count than header {"file":"C:\\Users\\prote\\AppData\\Local\\Temp\\php8A21.tmp","line":8,"expected":16,"actual":2}
[2025-10-08 20:35:56] WARNING: CSV line has different column count than header {"file":"C:\\Users\\prote\\AppData\\Local\\Temp\\php8A21.tmp","line":11,"expected":16,"actual":3}
[2025-10-08 20:35:56] WARNING: CSV line has different column count than header {"file":"C:\\Users\\prote\\AppData\\Local\\Temp\\php8A21.tmp","line":12,"expected":16,"actual":3}
[2025-10-08 20:35:56] WARNING: CSV line has different column count than header {"file":"C:\\Users\\prote\\AppData\\Local\\Temp\\php8A21.tmp","line":13,"expected":16,"actual":3}
[2025-10-08 20:35:56] WARNING: CSV line has different column count than header {"file":"C:\\Users\\prote\\AppData\\Local\\Temp\\php8A21.tmp","line":16,"expected":16,"actual":11}
[2025-10-08 20:35:56] WARNING: CSV line has different column count than header {"file":"C:\\Users\\prote\\AppData\\Local\\Temp\\php8A21.tmp","line":17,"expected":16,"actual":11}
[2025-10-08 20:35:56] WARNING: CSV line has different column count than header {"file":"C:\\Users\\prote\\AppData\\Local\\Temp\\php8A21.tmp","line":18,"expected":16,"actual":11}
[2025-10-09 05:44:24] WARNING: CSV line has different column count than header {"file":"C:\\Users\\prote\\AppData\\Local\\Temp\\php97C4.tmp","line":6,"expected":16,"actual":2}
[2025-10-09 05:44:24] WARNING: CSV line has different column count than header {"file":"C:\\Users\\prote\\AppData\\Local\\Temp\\php97C4.tmp","line":7,"expected":16,"actual":2}
[2025-10-09 05:44:24] WARNING: CSV line has different column count than header {"file":"C:\\Users\\prote\\AppData\\Local\\Temp\\php97C4.tmp","line":8,"expected":16,"actual":2}
[2025-10-09 05:44:24] WARNING: CSV line has different column count than header {"file":"C:\\Users\\prote\\AppData\\Local\\Temp\\php97C4.tmp","line":11,"expected":16,"actual":3}
[2025-10-09 05:44:24] WARNING: CSV line has different column count than header {"file":"C:\\Users\\prote\\AppData\\Local\\Temp\\php97C4.tmp","line":12,"expected":16,"actual":3}
[2025-10-09 05:44:24] WARNING: CSV line has different column count than header {"file":"C:\\Users\\prote\\AppData\\Local\\Temp\\php97C4.tmp","line":13,"expected":16,"actual":3}
[2025-10-09 05:44:24] WARNING: CSV line has different column count than header {"file":"C:\\Users\\prote\\AppData\\Local\\Temp\\php97C4.tmp","line":16,"expected":16,"actual":11}
[2025-10-09 05:44:24] WARNING: CSV line has different column count than header {"file":"C:\\Users\\prote\\AppData\\Local\\Temp\\php97C4.tmp","line":17,"expected":16,"actual":11}
[2025-10-09 05:44:24] WARNING: CSV line has different column count than header {"file":"C:\\Users\\prote\\AppData\\Local\\Temp\\php97C4.tmp","line":18,"expected":16,"actual":11}
[2025-10-09 06:14:54] WARNING: CSV line has different column count than header {"file":"C:\\Users\\prote\\AppData\\Local\\Temp\\php7245.tmp","line":6,"expected":16,"actual":2}
[2025-10-09 06:14:54] WARNING: CSV line has different column count than header {"file":"C:\\Users\\prote\\AppData\\Local\\Temp\\php7245.tmp","line":7,"expected":16,"actual":2}
[2025-10-09 06:14:54] WARNING: CSV line has different column count than header {"file":"C:\\Users\\prote\\AppData\\Local\\Temp\\php7245.tmp","line":8,"expected":16,"actual":2}
[2025-10-09 06:14:54] WARNING: CSV line has different column count than header {"file":"C:\\Users\\prote\\AppData\\Local\\Temp\\php7245.tmp","line":11,"expected":16,"actual":3}
[2025-10-09 06:14:54] WARNING: CSV line has different column count than header {"file":"C:\\Users\\prote\\AppData\\Local\\Temp\\php7245.tmp","line":12,"expected":16,"actual":3}
[2025-10-09 06:14:54] WARNING: CSV line has different column count than header {"file":"C:\\Users\\prote\\AppData\\Local\\Temp\\php7245.tmp","line":13,"expected":16,"actual":3}
[2025-10-09 06:14:54] WARNING: CSV line has different column count than header {"file":"C:\\Users\\prote\\AppData\\Local\\Temp\\php7245.tmp","line":16,"expected":16,"actual":11}
[2025-10-09 06:14:54] WARNING: CSV line has different column count than header {"file":"C:\\Users\\prote\\AppData\\Local\\Temp\\php7245.tmp","line":17,"expected":16,"actual":11}
[2025-10-09 06:14:54] WARNING: CSV line has different column count than header {"file":"C:\\Users\\prote\\AppData\\Local\\Temp\\php7245.tmp","line":18,"expected":16,"actual":11}
[2025-10-09 06:14:54] WARNING: CSV line has different column count than header {"file":"C:\\Users\\prote\\AppData\\Local\\Temp\\php7245.tmp","line":19,"expected":16,"actual":11}
[2025-10-09 06:14:54] WARNING: CSV line has different column count than header {"file":"C:\\Users\\prote\\AppData\\Local\\Temp\\php7245.tmp","line":20,"expected":16,"actual":11}
[2025-10-09 06:14:54] WARNING: CSV line has different column count than header {"file":"C:\\Users\\prote\\AppData\\Local\\Temp\\php7245.tmp","line":21,"expected":16,"actual":11}
[2025-10-09 06:14:54] WARNING: CSV line has different column count than header {"file":"C:\\Users\\prote\\AppData\\Local\\Temp\\php7245.tmp","line":22,"expected":16,"actual":11}
[2025-10-09 06:14:54] WARNING: CSV line has different column count than header {"file":"C:\\Users\\prote\\AppData\\Local\\Temp\\php7245.tmp","line":23,"expected":16,"actual":11}
[2025-10-09 06:14:54] WARNING: CSV line has different column count than header {"file":"C:\\Users\\prote\\AppData\\Local\\Temp\\php7245.tmp","line":24,"expected":16,"actual":11}
[2025-10-09 06:14:54] WARNING: CSV line has different column count than header {"file":"C:\\Users\\prote\\AppData\\Local\\Temp\\php7245.tmp","line":25,"expected":16,"actual":11}
[2025-10-09 06:14:54] WARNING: CSV line has different column count than header {"file":"C:\\Users\\prote\\AppData\\Local\\Temp\\php7245.tmp","line":26,"expected":16,"actual":11}
[2025-10-09 06:14:54] WARNING: CSV line has different column count than header {"file":"C:\\Users\\prote\\AppData\\Local\\Temp\\php7245.tmp","line":27,"expected":16,"actual":11}
[2025-10-09 06:14:54] WARNING: CSV line has different column count than header {"file":"C:\\Users\\prote\\AppData\\Local\\Temp\\php7245.tmp","line":28,"expected":16,"actual":11}
[2025-10-09 06:14:54] WARNING: CSV line has different column count than header {"file":"C:\\Users\\prote\\AppData\\Local\\Temp\\php7245.tmp","line":29,"expected":16,"actual":11}
[2025-10-09 06:14:54] WARNING: CSV line has different column count than header {"file":"C:\\Users\\prote\\AppData\\Local\\Temp\\php7245.tmp","line":30,"expected":16,"actual":11}
[2025-10-09 06:14:54] WARNING: CSV line has different column count than header {"file":"C:\\Users\\prote\\AppData\\Local\\Temp\\php7245.tmp","line":31,"expected":16,"actual":11}
[2025-10-09 06:14:54] WARNING: CSV line has different column count than header {"file":"C:\\Users\\prote\\AppData\\Local\\Temp\\php7245.tmp","line":32,"expected":16,"actual":11}
[2025-10-09 06:14:54] WARNING: CSV line has different column count than header {"file":"C:\\Users\\prote\\AppData\\Local\\Temp\\php7245.tmp","line":33,"expected":16,"actual":11}
[2025-10-09 06:14:54] WARNING: CSV line has different column count than header {"file":"C:\\Users\\prote\\AppData\\Local\\Temp\\php7245.tmp","line":34,"expected":16,"actual":11}
[2025-10-09 06:14:54] WARNING: CSV line has different column count than header {"file":"C:\\Users\\prote\\AppData\\Local\\Temp\\php7245.tmp","line":35,"expected":16,"actual":11}
[2025-10-09 06:14:54] WARNING: CSV line has different column count than header {"file":"C:\\Users\\prote\\AppData\\Local\\Temp\\php7245.tmp","line":36,"expected":16,"actual":11}
[2025-10-09 18:27:51] WARNING: CSV line has different column count than header {"file":"C:\\Users\\prote\\AppData\\Local\\Temp\\php5D03.tmp","line":6,"expected":16,"actual":2}
[2025-10-09 18:27:51] WARNING: CSV line has different column count than header {"file":"C:\\Users\\prote\\AppData\\Local\\Temp\\php5D03.tmp","line":7,"expected":16,"actual":2}
[2025-10-09 18:27:51] WARNING: CSV line has different column count than header {"file":"C:\\Users\\prote\\AppData\\Local\\Temp\\php5D03.tmp","line":8,"expected":16,"actual":2}
[2025-10-09 18:27:51] WARNING: CSV line has different column count than header {"file":"C:\\Users\\prote\\AppData\\Local\\Temp\\php5D03.tmp","line":11,"expected":16,"actual":3}
[2025-10-09 18:27:51] WARNING: CSV line has different column count than header {"file":"C:\\Users\\prote\\AppData\\Local\\Temp\\php5D03.tmp","line":12,"expected":16,"actual":3}
[2025-10-09 18:27:51] WARNING: CSV line has different column count than header {"file":"C:\\Users\\prote\\AppData\\Local\\Temp\\php5D03.tmp","line":13,"expected":16,"actual":3}
[2025-10-09 18:27:51] WARNING: CSV line has different column count than header {"file":"C:\\Users\\prote\\AppData\\Local\\Temp\\php5D03.tmp","line":16,"expected":16,"actual":11}
[2025-10-09 18:27:51] WARNING: CSV line has different column count than header {"file":"C:\\Users\\prote\\AppData\\Local\\Temp\\php5D03.tmp","line":17,"expected":16,"actual":11}
[2025-10-09 18:27:51] WARNING: CSV line has different column count than header {"file":"C:\\Users\\prote\\AppData\\Local\\Temp\\php5D03.tmp","line":18,"expected":16,"actual":11}
[2025-10-09 18:27:51] WARNING: CSV line has different column count than header {"file":"C:\\Users\\prote\\AppData\\Local\\Temp\\php5D03.tmp","line":19,"expected":16,"actual":11}
[2025-10-09 18:27:51] WARNING: CSV line has different column count than header {"file":"C:\\Users\\prote\\AppData\\Local\\Temp\\php5D03.tmp","line":20,"expected":16,"actual":11}
[2025-10-09 18:27:51] WARNING: CSV line has different column count than header {"file":"C:\\Users\\prote\\AppData\\Local\\Temp\\php5D03.tmp","line":21,"expected":16,"actual":11}
[2025-10-09 18:27:51] WARNING: CSV line has different column count than header {"file":"C:\\Users\\prote\\AppData\\Local\\Temp\\php5D03.tmp","line":22,"expected":16,"actual":11}
[2025-10-09 18:27:51] WARNING: CSV line has different column count than header {"file":"C:\\Users\\prote\\AppData\\Local\\Temp\\php5D03.tmp","line":23,"expected":16,"actual":11}
[2025-10-09 18:27:51] WARNING: CSV line has different column count than header {"file":"C:\\Users\\prote\\AppData\\Local\\Temp\\php5D03.tmp","line":24,"expected":16,"actual":11}
[2025-10-09 18:27:51] WARNING: CSV line has different column count than header {"file":"C:\\Users\\prote\\AppData\\Local\\Temp\\php5D03.tmp","line":25,"expected":16,"actual":11}
[2025-10-09 18:27:51] WARNING: CSV line has different column count than header {"file":"C:\\Users\\prote\\AppData\\Local\\Temp\\php5D03.tmp","line":26,"expected":16,"actual":11}
[2025-10-09 18:27:51] WARNING: CSV line has different column count than header {"file":"C:\\Users\\prote\\AppData\\Local\\Temp\\php5D03.tmp","line":27,"expected":16,"actual":11}
[2025-10-09 18:27:51] WARNING: CSV line has different column count than header {"file":"C:\\Users\\prote\\AppData\\Local\\Temp\\php5D03.tmp","line":28,"expected":16,"actual":11}
[2025-10-09 18:27:51] WARNING: CSV line has different column count than header {"file":"C:\\Users\\prote\\AppData\\Local\\Temp\\php5D03.tmp","line":29,"expected":16,"actual":11}
[2025-10-09 18:27:51] WARNING: CSV line has different column count than header {"file":"C:\\Users\\prote\\AppData\\Local\\Temp\\php5D03.tmp","line":30,"expected":16,"actual":11}
[2025-10-09 18:27:51] WARNING: CSV line has different column count than header {"file":"C:\\Users\\prote\\AppData\\Local\\Temp\\php5D03.tmp","line":31,"expected":16,"actual":11}
[2025-10-09 18:27:51] WARNING: CSV line has different column count than header {"file":"C:\\Users\\prote\\AppData\\Local\\Temp\\php5D03.tmp","line":32,"expected":16,"actual":11}
[2025-10-09 18:27:51] WARNING: CSV line has different column count than header {"file":"C:\\Users\\prote\\AppData\\Local\\Temp\\php5D03.tmp","line":33,"expected":16,"actual":11}
[2025-10-09 18:27:51] WARNING: CSV line has different column count than header {"file":"C:\\Users\\prote\\AppData\\Local\\Temp\\php5D03.tmp","line":34,"expected":16,"actual":11}
[2025-10-09 18:27:51] WARNING: CSV line has different column count than header {"file":"C:\\Users\\prote\\AppData\\Local\\Temp\\php5D03.tmp","line":35,"expected":16,"actual":11}
[2025-10-09 18:27:51] WARNING: CSV line has different column count than header {"file":"C:\\Users\\prote\\AppData\\Local\\Temp\\php5D03.tmp","line":36,"expected":16,"actual":11}
[2025-10-09 18:43:18] WARNING: CSV line has different column count than header {"file":"C:\\Users\\prote\\AppData\\Local\\Temp\\php9F0B.tmp","line":7,"expected":16,"actual":5}
[2025-10-09 18:43:18] WARNING: CSV line has different column count than header {"file":"C:\\Users\\prote\\AppData\\Local\\Temp\\php9F0B.tmp","line":8,"expected":16,"actual":5}
[2025-10-09 18:43:18] WARNING: CSV line has different column count than header {"file":"C:\\Users\\prote\\AppData\\Local\\Temp\\php9F0B.tmp","line":11,"expected":16,"actual":13}
[2025-10-09 18:43:18] WARNING: CSV line has different column count than header {"file":"C:\\Users\\prote\\AppData\\Local\\Temp\\php9F0B.tmp","line":12,"expected":16,"actual":13}
[2025-10-09 18:43:18] WARNING: CSV line has different column count than header {"file":"C:\\Users\\prote\\AppData\\Local\\Temp\\php9F0B.tmp","line":13,"expected":16,"actual":13}
[2025-10-09 18:43:18] WARNING: CSV line has different column count than header {"file":"C:\\Users\\prote\\AppData\\Local\\Temp\\php9F0B.tmp","line":14,"expected":16,"actual":13}
[2025-10-09 18:43:18] WARNING: CSV line has different column count than header {"file":"C:\\Users\\prote\\AppData\\Local\\Temp\\php9F0B.tmp","line":15,"expected":16,"actual":13}
[2025-10-09 18:43:18] WARNING: CSV line has different column count than header {"file":"C:\\Users\\prote\\AppData\\Local\\Temp\\php9F0B.tmp","line":16,"expected":16,"actual":13}
[2025-10-09 18:43:18] WARNING: CSV line has different column count than header {"file":"C:\\Users\\prote\\AppData\\Local\\Temp\\php9F0B.tmp","line":17,"expected":16,"actual":13}
[2025-10-09 18:43:18] WARNING: CSV line has different column count than header {"file":"C:\\Users\\prote\\AppData\\Local\\Temp\\php9F0B.tmp","line":18,"expected":16,"actual":13}
[2025-10-09 18:43:18] WARNING: CSV line has different column count than header {"file":"C:\\Users\\prote\\AppData\\Local\\Temp\\php9F0B.tmp","line":19,"expected":16,"actual":13}
[2025-10-09 18:43:18] WARNING: CSV line has different column count than header {"file":"C:\\Users\\prote\\AppData\\Local\\Temp\\php9F0B.tmp","line":20,"expected":16,"actual":13}
[2025-10-09 18:43:18] WARNING: CSV line has different column count than header {"file":"C:\\Users\\prote\\AppData\\Local\\Temp\\php9F0B.tmp","line":21,"expected":16,"actual":13}
[2025-10-09 18:43:18] WARNING: CSV line has different column count than header {"file":"C:\\Users\\prote\\AppData\\Local\\Temp\\php9F0B.tmp","line":22,"expected":16,"actual":13}
[2025-10-09 18:43:18] WARNING: CSV line has different column count than header {"file":"C:\\Users\\prote\\AppData\\Local\\Temp\\php9F0B.tmp","line":23,"expected":16,"actual":13}
[2025-10-09 18:43:18] WARNING: CSV line has different column count than header {"file":"C:\\Users\\prote\\AppData\\Local\\Temp\\php9F0B.tmp","line":24,"expected":16,"actual":13}
[2025-10-09 18:43:18] WARNING: CSV line has different column count than header {"file":"C:\\Users\\prote\\AppData\\Local\\Temp\\php9F0B.tmp","line":25,"expected":16,"actual":13}
[2025-10-09 18:43:18] WARNING: CSV line has different column count than header {"file":"C:\\Users\\prote\\AppData\\Local\\Temp\\php9F0B.tmp","line":26,"expected":16,"actual":13}
[2025-10-09 18:43:18] WARNING: CSV line has different column count than header {"file":"C:\\Users\\prote\\AppData\\Local\\Temp\\php9F0B.tmp","line":27,"expected":16,"actual":13}
[2025-10-09 18:43:18] WARNING: CSV line has different column count than header {"file":"C:\\Users\\prote\\AppData\\Local\\Temp\\php9F0B.tmp","line":28,"expected":16,"actual":13}
[2025-10-09 18:43:18] WARNING: CSV line has different column count than header {"file":"C:\\Users\\prote\\AppData\\Local\\Temp\\php9F0B.tmp","line":29,"expected":16,"actual":13}
[2025-10-09 18:43:18] WARNING: CSV line has different column count than header {"file":"C:\\Users\\prote\\AppData\\Local\\Temp\\php9F0B.tmp","line":30,"expected":16,"actual":13}
[2025-10-09 18:43:18] WARNING: CSV line has different column count than header {"file":"C:\\Users\\prote\\AppData\\Local\\Temp\\php9F0B.tmp","line":31,"expected":16,"actual":13}
